<?xml version="1.0" encoding="UTF-8"?>
<!-- Generated by org.testng.reporters.JUnitReportReporter -->
<testsuite hostname="user-G3-3579" failures="0" tests="1" name="dpack.TestNG" time="0.009" errors="0" timestamp="2022-10-09T02:53:56 ALMT" skipped="0">
  <testcase classname="dpack.TestNG" name="verifyHomePageTitle" time="0.009"/>
  <system-out/>
</testsuite> <!-- dpack.TestNG -->
