<?xml version="1.0" encoding="UTF-8"?>
<!-- Generated by org.testng.reporters.JUnitReportReporter -->
<testsuite hostname="user-G3-3579" failures="0" tests="1" name="dpack.ExtentReportTestNG" time="0.012" errors="0" timestamp="2022-10-09T03:39:19 ALMT" skipped="0">
  <testcase classname="dpack.ExtentReportTestNG" name="test1" time="0.012"/>
  <system-out/>
</testsuite> <!-- dpack.ExtentReportTestNG -->
